2018/04/16 15:41:46.271 [I] [asm_amd64.s:2337] http server Running on http://:8080
2018/04/16 15:59:44.386 [I] [asm_amd64.s:2337] http server Running on http://:8080
2018/04/16 16:00:37.087 [I] [asm_amd64.s:2337] http server Running on http://:8080
2018/04/16 16:05:07.475 [I] [asm_amd64.s:2337] http server Running on http://:8080
2018/04/16 16:08:49.173 [I] [asm_amd64.s:2337] http server Running on http://:8080
2018/04/16 16:14:22.908 [I] [asm_amd64.s:2337] http server Running on http://:8080
2018/04/16 16:15:43.096 [I] [asm_amd64.s:2337] http server Running on http://:8080
2018/04/16 16:16:51.046 [I] [asm_amd64.s:2337] http server Running on http://:8080
2018/04/16 16:16:54.558 [I] [asm_amd64.s:2337] http server Running on http://:8080
2018/04/16 16:32:58.324 [I] [asm_amd64.s:2337] http server Running on http://:8080
2018/04/16 17:12:32.420 [C] [asm_amd64.s:509] the request url is  /console/post/8
2018/04/16 17:12:32.420 [C] [asm_amd64.s:509] Handler crashed with error XSRF cookie does not match POST argument
2018/04/16 17:12:32.420 [C] [asm_amd64.s:509] /usr/local/Cellar/go/1.9/libexec/src/runtime/asm_amd64.s:509
2018/04/16 17:12:32.420 [C] [asm_amd64.s:509] /usr/local/Cellar/go/1.9/libexec/src/runtime/panic.go:491
2018/04/16 17:12:32.420 [C] [asm_amd64.s:509] /Users/zhu/go/src/github.com/astaxie/beego/context/context.go:80
2018/04/16 17:12:32.420 [C] [asm_amd64.s:509] /Users/zhu/go/src/github.com/astaxie/beego/context/context.go:168
2018/04/16 17:12:32.420 [C] [asm_amd64.s:509] /Users/zhu/go/src/github.com/astaxie/beego/controller.go:649
2018/04/16 17:12:32.420 [C] [asm_amd64.s:509] /Users/zhu/go/src/github.com/astaxie/beego/router.go:819
2018/04/16 17:12:32.420 [C] [asm_amd64.s:509] /usr/local/Cellar/go/1.9/libexec/src/net/http/server.go:2619
2018/04/16 17:12:32.420 [C] [asm_amd64.s:509] /usr/local/Cellar/go/1.9/libexec/src/net/http/server.go:1801
2018/04/16 17:12:32.420 [C] [asm_amd64.s:509] /usr/local/Cellar/go/1.9/libexec/src/runtime/asm_amd64.s:2337
2018/04/16 17:13:16.638 [I] [asm_amd64.s:2337] http server Running on http://:8080
2018/04/16 17:19:04.732 [I] [asm_amd64.s:2337] http server Running on http://:8080
2018/04/16 17:28:40.305 [I] [asm_amd64.s:2337] http server Running on http://:8080
2018/04/16 17:32:45.750 [I] [asm_amd64.s:2337] http server Running on http://:8080
2018/04/16 17:32:47.812 [I] [asm_amd64.s:2337] http server Running on http://:8080
2018/04/16 17:33:49.836 [I] [asm_amd64.s:2337] http server Running on http://:8080
