2018/04/03 21:09:14.289 [I] [asm_amd64.s:2337] http server Running on http://:8080
2018/04/03 21:21:49.161 [D] [controller.go:263] template Execute err: template: auth/tag/index.tpl:60:56: executing "auth/tag/index.tpl" at <.tag>: range can't iterate over 
2018/04/03 21:21:49.161 [E] [server.go:2619] template: auth/tag/index.tpl:60:56: executing "auth/tag/index.tpl" at <.tag>: range can't iterate over 
2018/04/03 21:32:00.725 [D] [controller.go:263] template Execute err: template: auth/tag/index.tpl:60:56: executing "auth/tag/index.tpl" at <.tag>: range can't iterate over 
2018/04/03 21:32:00.725 [E] [server.go:2619] template: auth/tag/index.tpl:60:56: executing "auth/tag/index.tpl" at <.tag>: range can't iterate over 
2018/04/03 21:32:52.275 [D] [controller.go:263] template Execute err: template: auth/tag/index.tpl:60:56: executing "auth/tag/index.tpl" at <.tag>: range can't iterate over 
2018/04/03 21:32:52.275 [E] [server.go:2619] template: auth/tag/index.tpl:60:56: executing "auth/tag/index.tpl" at <.tag>: range can't iterate over 
2018/04/03 21:48:06.387 [I] [asm_amd64.s:2337] http server Running on http://:8080
2018/04/03 21:49:43.809 [I] [asm_amd64.s:2337] http server Running on http://:8080
2018/04/03 21:52:54.661 [C] [asm_amd64.s:509] the request url is  /console/post
2018/04/03 21:52:54.661 [C] [asm_amd64.s:509] Handler crashed with error runtime error: invalid memory address or nil pointer dereference
2018/04/03 21:52:54.661 [C] [asm_amd64.s:509] /usr/local/Cellar/go/1.9/libexec/src/runtime/asm_amd64.s:509
2018/04/03 21:52:54.661 [C] [asm_amd64.s:509] /usr/local/Cellar/go/1.9/libexec/src/runtime/panic.go:491
2018/04/03 21:52:54.661 [C] [asm_amd64.s:509] /usr/local/Cellar/go/1.9/libexec/src/runtime/panic.go:63
2018/04/03 21:52:54.661 [C] [asm_amd64.s:509] /usr/local/Cellar/go/1.9/libexec/src/runtime/signal_unix.go:367
2018/04/03 21:52:54.661 [C] [asm_amd64.s:509] /Users/zhu/go/src/bee-go-myBlog/services/post_service.go:26
2018/04/03 21:52:54.661 [C] [asm_amd64.s:509] /Users/zhu/go/src/bee-go-myBlog/controllers/auth/post_controller.go:34
2018/04/03 21:52:54.661 [C] [asm_amd64.s:509] /usr/local/Cellar/go/1.9/libexec/src/runtime/asm_amd64.s:509
2018/04/03 21:52:54.661 [C] [asm_amd64.s:509] /usr/local/Cellar/go/1.9/libexec/src/reflect/value.go:434
2018/04/03 21:52:54.661 [C] [asm_amd64.s:509] /usr/local/Cellar/go/1.9/libexec/src/reflect/value.go:302
2018/04/03 21:52:54.661 [C] [asm_amd64.s:509] /Users/zhu/go/src/github.com/astaxie/beego/router.go:847
2018/04/03 21:52:54.661 [C] [asm_amd64.s:509] /usr/local/Cellar/go/1.9/libexec/src/net/http/server.go:2619
2018/04/03 21:52:54.661 [C] [asm_amd64.s:509] /usr/local/Cellar/go/1.9/libexec/src/net/http/server.go:1801
2018/04/03 21:52:54.661 [C] [asm_amd64.s:509] /usr/local/Cellar/go/1.9/libexec/src/runtime/asm_amd64.s:2337
2018/04/03 22:09:51.047 [I] [asm_amd64.s:2337] http server Running on http://:8080
2018/04/03 22:19:23.893 [I] [asm_amd64.s:2337] http server Running on http://:8080
2018/04/03 22:23:21.360 [I] [asm_amd64.s:2337] http server Running on http://:8080
2018/04/03 22:27:42.845 [I] [asm_amd64.s:2337] http server Running on http://:8080
2018/04/03 22:28:59.646 [I] [asm_amd64.s:2337] http server Running on http://:8080
2018/04/03 22:46:42.928 [I] [asm_amd64.s:2337] http server Running on http://:8080
2018/04/03 22:48:16.731 [I] [asm_amd64.s:2337] http server Running on http://:8080
2018/04/03 22:49:24.930 [I] [asm_amd64.s:2337] http server Running on http://:8080
2018/04/03 22:49:26.017 [I] [asm_amd64.s:2337] http server Running on http://:8080
2018/04/03 22:54:50.061 [I] [asm_amd64.s:2337] http server Running on http://:8080
2018/04/03 22:54:50.992 [I] [asm_amd64.s:2337] http server Running on http://:8080
2018/04/03 22:57:53.036 [I] [asm_amd64.s:2337] http server Running on http://:8080
2018/04/03 22:58:19.694 [C] [asm_amd64.s:509] the request url is  /console/post/2/edit
2018/04/03 22:58:19.694 [C] [asm_amd64.s:509] Handler crashed with error can't find templatefile in the path:views/postcontroller/edit.tpl
2018/04/03 22:58:19.694 [C] [asm_amd64.s:509] /usr/local/Cellar/go/1.9/libexec/src/runtime/asm_amd64.s:509
2018/04/03 22:58:19.695 [C] [asm_amd64.s:509] /usr/local/Cellar/go/1.9/libexec/src/runtime/panic.go:491
2018/04/03 22:58:19.695 [C] [asm_amd64.s:509] /Users/zhu/go/src/github.com/astaxie/beego/template.go:73
2018/04/03 22:58:19.695 [C] [asm_amd64.s:509] /Users/zhu/go/src/github.com/astaxie/beego/controller.go:263
2018/04/03 22:58:19.695 [C] [asm_amd64.s:509] /Users/zhu/go/src/github.com/astaxie/beego/controller.go:214
2018/04/03 22:58:19.695 [C] [asm_amd64.s:509] /Users/zhu/go/src/github.com/astaxie/beego/controller.go:194
2018/04/03 22:58:19.695 [C] [asm_amd64.s:509] /Users/zhu/go/src/github.com/astaxie/beego/router.go:859
2018/04/03 22:58:19.695 [C] [asm_amd64.s:509] /usr/local/Cellar/go/1.9/libexec/src/net/http/server.go:2619
2018/04/03 22:58:19.695 [C] [asm_amd64.s:509] /usr/local/Cellar/go/1.9/libexec/src/net/http/server.go:1801
2018/04/03 22:58:19.696 [C] [asm_amd64.s:509] /usr/local/Cellar/go/1.9/libexec/src/runtime/asm_amd64.s:2337
2018/04/03 23:25:25.054 [I] [asm_amd64.s:2337] http server Running on http://:8080
2018/04/03 23:25:33.179 [C] [asm_amd64.s:509] the request url is  /console/post/2/edit
2018/04/03 23:25:33.179 [C] [asm_amd64.s:509] Handler crashed with error can't find templatefile in the path:views/postcontroller/edit.tpl
2018/04/03 23:25:33.179 [C] [asm_amd64.s:509] /usr/local/Cellar/go/1.9/libexec/src/runtime/asm_amd64.s:509
2018/04/03 23:25:33.179 [C] [asm_amd64.s:509] /usr/local/Cellar/go/1.9/libexec/src/runtime/panic.go:491
2018/04/03 23:25:33.179 [C] [asm_amd64.s:509] /Users/zhu/go/src/github.com/astaxie/beego/template.go:73
2018/04/03 23:25:33.179 [C] [asm_amd64.s:509] /Users/zhu/go/src/github.com/astaxie/beego/controller.go:263
2018/04/03 23:25:33.179 [C] [asm_amd64.s:509] /Users/zhu/go/src/github.com/astaxie/beego/controller.go:214
2018/04/03 23:25:33.179 [C] [asm_amd64.s:509] /Users/zhu/go/src/github.com/astaxie/beego/controller.go:194
2018/04/03 23:25:33.179 [C] [asm_amd64.s:509] /Users/zhu/go/src/github.com/astaxie/beego/router.go:859
2018/04/03 23:25:33.179 [C] [asm_amd64.s:509] /usr/local/Cellar/go/1.9/libexec/src/net/http/server.go:2619
2018/04/03 23:25:33.179 [C] [asm_amd64.s:509] /usr/local/Cellar/go/1.9/libexec/src/net/http/server.go:1801
2018/04/03 23:25:33.180 [C] [asm_amd64.s:509] /usr/local/Cellar/go/1.9/libexec/src/runtime/asm_amd64.s:2337
2018/04/03 23:26:16.402 [C] [asm_amd64.s:509] the request url is  /console/post/6/edit
2018/04/03 23:26:16.402 [C] [asm_amd64.s:509] Handler crashed with error can't find templatefile in the path:views/postcontroller/edit.tpl
2018/04/03 23:26:16.402 [C] [asm_amd64.s:509] /usr/local/Cellar/go/1.9/libexec/src/runtime/asm_amd64.s:509
2018/04/03 23:26:16.402 [C] [asm_amd64.s:509] /usr/local/Cellar/go/1.9/libexec/src/runtime/panic.go:491
2018/04/03 23:26:16.402 [C] [asm_amd64.s:509] /Users/zhu/go/src/github.com/astaxie/beego/template.go:73
2018/04/03 23:26:16.402 [C] [asm_amd64.s:509] /Users/zhu/go/src/github.com/astaxie/beego/controller.go:263
2018/04/03 23:26:16.402 [C] [asm_amd64.s:509] /Users/zhu/go/src/github.com/astaxie/beego/controller.go:214
2018/04/03 23:26:16.402 [C] [asm_amd64.s:509] /Users/zhu/go/src/github.com/astaxie/beego/controller.go:194
2018/04/03 23:26:16.402 [C] [asm_amd64.s:509] /Users/zhu/go/src/github.com/astaxie/beego/router.go:859
2018/04/03 23:26:16.402 [C] [asm_amd64.s:509] /usr/local/Cellar/go/1.9/libexec/src/net/http/server.go:2619
2018/04/03 23:26:16.402 [C] [asm_amd64.s:509] /usr/local/Cellar/go/1.9/libexec/src/net/http/server.go:1801
2018/04/03 23:26:16.402 [C] [asm_amd64.s:509] /usr/local/Cellar/go/1.9/libexec/src/runtime/asm_amd64.s:2337
2018/04/03 23:39:02.885 [I] [asm_amd64.s:2337] http server Running on http://:8080
2018/04/03 23:39:11.872 [C] [asm_amd64.s:509] the request url is  /console/post/6/edit
2018/04/03 23:39:11.872 [C] [asm_amd64.s:509] Handler crashed with error wrong object type `*[]orm.Params` for rows scan, need *[]*bee-go-myBlog/models.ArticleTag or *[]bee-go-myBlog/models.ArticleTag
2018/04/03 23:39:11.872 [C] [asm_amd64.s:509] /usr/local/Cellar/go/1.9/libexec/src/runtime/asm_amd64.s:509
2018/04/03 23:39:11.872 [C] [asm_amd64.s:509] /usr/local/Cellar/go/1.9/libexec/src/runtime/panic.go:491
2018/04/03 23:39:11.872 [C] [asm_amd64.s:509] /Users/zhu/go/src/github.com/astaxie/beego/orm/db.go:905
2018/04/03 23:39:11.872 [C] [asm_amd64.s:509] /Users/zhu/go/src/github.com/astaxie/beego/orm/orm_queryset.go:194
2018/04/03 23:39:11.873 [C] [asm_amd64.s:509] /Users/zhu/go/src/bee-go-myBlog/models/articletag.go:154
2018/04/03 23:39:11.873 [C] [asm_amd64.s:509] /Users/zhu/go/src/bee-go-myBlog/controllers/auth/post_controller.go:106
2018/04/03 23:39:11.873 [C] [asm_amd64.s:509] /usr/local/Cellar/go/1.9/libexec/src/runtime/asm_amd64.s:509
2018/04/03 23:39:11.873 [C] [asm_amd64.s:509] /usr/local/Cellar/go/1.9/libexec/src/reflect/value.go:434
2018/04/03 23:39:11.873 [C] [asm_amd64.s:509] /usr/local/Cellar/go/1.9/libexec/src/reflect/value.go:302
2018/04/03 23:39:11.873 [C] [asm_amd64.s:509] /Users/zhu/go/src/github.com/astaxie/beego/router.go:847
2018/04/03 23:39:11.873 [C] [asm_amd64.s:509] /usr/local/Cellar/go/1.9/libexec/src/net/http/server.go:2619
2018/04/03 23:39:11.873 [C] [asm_amd64.s:509] /usr/local/Cellar/go/1.9/libexec/src/net/http/server.go:1801
2018/04/03 23:39:11.873 [C] [asm_amd64.s:509] /usr/local/Cellar/go/1.9/libexec/src/runtime/asm_amd64.s:2337
2018/04/03 23:41:03.760 [I] [asm_amd64.s:2337] http server Running on http://:8080
2018/04/03 23:41:04.699 [I] [asm_amd64.s:2337] http server Running on http://:8080
2018/04/03 23:42:22.131 [C] [asm_amd64.s:509] the request url is  /console/post/6/edit
2018/04/03 23:42:22.131 [C] [asm_amd64.s:509] Handler crashed with error wrong object type `*[]orm.Params` for rows scan, need *[]*bee-go-myBlog/models.ArticleTag or *[]bee-go-myBlog/models.ArticleTag
2018/04/03 23:42:22.131 [C] [asm_amd64.s:509] /usr/local/Cellar/go/1.9/libexec/src/runtime/asm_amd64.s:509
2018/04/03 23:42:22.131 [C] [asm_amd64.s:509] /usr/local/Cellar/go/1.9/libexec/src/runtime/panic.go:491
2018/04/03 23:42:22.131 [C] [asm_amd64.s:509] /Users/zhu/go/src/github.com/astaxie/beego/orm/db.go:905
2018/04/03 23:42:22.131 [C] [asm_amd64.s:509] /Users/zhu/go/src/github.com/astaxie/beego/orm/orm_queryset.go:194
2018/04/03 23:42:22.131 [C] [asm_amd64.s:509] /Users/zhu/go/src/bee-go-myBlog/models/articletag.go:154
2018/04/03 23:42:22.131 [C] [asm_amd64.s:509] /Users/zhu/go/src/bee-go-myBlog/controllers/auth/post_controller.go:106
2018/04/03 23:42:22.131 [C] [asm_amd64.s:509] /usr/local/Cellar/go/1.9/libexec/src/runtime/asm_amd64.s:509
2018/04/03 23:42:22.131 [C] [asm_amd64.s:509] /usr/local/Cellar/go/1.9/libexec/src/reflect/value.go:434
2018/04/03 23:42:22.131 [C] [asm_amd64.s:509] /usr/local/Cellar/go/1.9/libexec/src/reflect/value.go:302
2018/04/03 23:42:22.131 [C] [asm_amd64.s:509] /Users/zhu/go/src/github.com/astaxie/beego/router.go:847
2018/04/03 23:42:22.131 [C] [asm_amd64.s:509] /usr/local/Cellar/go/1.9/libexec/src/net/http/server.go:2619
2018/04/03 23:42:22.131 [C] [asm_amd64.s:509] /usr/local/Cellar/go/1.9/libexec/src/net/http/server.go:1801
2018/04/03 23:42:22.131 [C] [asm_amd64.s:509] /usr/local/Cellar/go/1.9/libexec/src/runtime/asm_amd64.s:2337
2018/04/03 23:44:44.090 [I] [asm_amd64.s:2337] http server Running on http://:8080
2018/04/03 23:44:49.081 [C] [asm_amd64.s:509] the request url is  /console/post/6/edit
2018/04/03 23:44:49.081 [C] [asm_amd64.s:509] Handler crashed with error can't find templatefile in the path:views/postcontroller/edit.tpl
2018/04/03 23:44:49.081 [C] [asm_amd64.s:509] /usr/local/Cellar/go/1.9/libexec/src/runtime/asm_amd64.s:509
2018/04/03 23:44:49.081 [C] [asm_amd64.s:509] /usr/local/Cellar/go/1.9/libexec/src/runtime/panic.go:491
2018/04/03 23:44:49.081 [C] [asm_amd64.s:509] /Users/zhu/go/src/github.com/astaxie/beego/template.go:73
2018/04/03 23:44:49.081 [C] [asm_amd64.s:509] /Users/zhu/go/src/github.com/astaxie/beego/controller.go:263
2018/04/03 23:44:49.081 [C] [asm_amd64.s:509] /Users/zhu/go/src/github.com/astaxie/beego/controller.go:214
2018/04/03 23:44:49.081 [C] [asm_amd64.s:509] /Users/zhu/go/src/github.com/astaxie/beego/controller.go:194
2018/04/03 23:44:49.081 [C] [asm_amd64.s:509] /Users/zhu/go/src/github.com/astaxie/beego/router.go:859
2018/04/03 23:44:49.081 [C] [asm_amd64.s:509] /usr/local/Cellar/go/1.9/libexec/src/net/http/server.go:2619
2018/04/03 23:44:49.081 [C] [asm_amd64.s:509] /usr/local/Cellar/go/1.9/libexec/src/net/http/server.go:1801
2018/04/03 23:44:49.082 [C] [asm_amd64.s:509] /usr/local/Cellar/go/1.9/libexec/src/runtime/asm_amd64.s:2337
2018/04/03 23:51:10.008 [C] [asm_amd64.s:509] the request url is  /console/post/6/edit
2018/04/03 23:51:10.008 [C] [asm_amd64.s:509] Handler crashed with error can't find templatefile in the path:views/postcontroller/edit.tpl
2018/04/03 23:51:10.008 [C] [asm_amd64.s:509] /usr/local/Cellar/go/1.9/libexec/src/runtime/asm_amd64.s:509
2018/04/03 23:51:10.008 [C] [asm_amd64.s:509] /usr/local/Cellar/go/1.9/libexec/src/runtime/panic.go:491
2018/04/03 23:51:10.008 [C] [asm_amd64.s:509] /Users/zhu/go/src/github.com/astaxie/beego/template.go:73
2018/04/03 23:51:10.008 [C] [asm_amd64.s:509] /Users/zhu/go/src/github.com/astaxie/beego/controller.go:263
2018/04/03 23:51:10.008 [C] [asm_amd64.s:509] /Users/zhu/go/src/github.com/astaxie/beego/controller.go:214
2018/04/03 23:51:10.008 [C] [asm_amd64.s:509] /Users/zhu/go/src/github.com/astaxie/beego/controller.go:194
2018/04/03 23:51:10.008 [C] [asm_amd64.s:509] /Users/zhu/go/src/github.com/astaxie/beego/router.go:859
2018/04/03 23:51:10.008 [C] [asm_amd64.s:509] /usr/local/Cellar/go/1.9/libexec/src/net/http/server.go:2619
2018/04/03 23:51:10.008 [C] [asm_amd64.s:509] /usr/local/Cellar/go/1.9/libexec/src/net/http/server.go:1801
2018/04/03 23:51:10.008 [C] [asm_amd64.s:509] /usr/local/Cellar/go/1.9/libexec/src/runtime/asm_amd64.s:2337
2018/04/03 23:51:11.405 [I] [asm_amd64.s:2337] http server Running on http://:8080
2018/04/03 23:51:17.396 [C] [asm_amd64.s:509] the request url is  /console/post/6/edit
2018/04/03 23:51:17.396 [C] [asm_amd64.s:509] Handler crashed with error can't find templatefile in the path:views/postcontroller/edit.tpl
2018/04/03 23:51:17.396 [C] [asm_amd64.s:509] /usr/local/Cellar/go/1.9/libexec/src/runtime/asm_amd64.s:509
2018/04/03 23:51:17.396 [C] [asm_amd64.s:509] /usr/local/Cellar/go/1.9/libexec/src/runtime/panic.go:491
2018/04/03 23:51:17.396 [C] [asm_amd64.s:509] /Users/zhu/go/src/github.com/astaxie/beego/template.go:73
2018/04/03 23:51:17.396 [C] [asm_amd64.s:509] /Users/zhu/go/src/github.com/astaxie/beego/controller.go:263
2018/04/03 23:51:17.396 [C] [asm_amd64.s:509] /Users/zhu/go/src/github.com/astaxie/beego/controller.go:214
2018/04/03 23:51:17.396 [C] [asm_amd64.s:509] /Users/zhu/go/src/github.com/astaxie/beego/controller.go:194
2018/04/03 23:51:17.396 [C] [asm_amd64.s:509] /Users/zhu/go/src/github.com/astaxie/beego/router.go:859
2018/04/03 23:51:17.396 [C] [asm_amd64.s:509] /usr/local/Cellar/go/1.9/libexec/src/net/http/server.go:2619
2018/04/03 23:51:17.431 [C] [asm_amd64.s:509] /usr/local/Cellar/go/1.9/libexec/src/net/http/server.go:1801
2018/04/03 23:51:17.431 [C] [asm_amd64.s:509] /usr/local/Cellar/go/1.9/libexec/src/runtime/asm_amd64.s:2337
2018/04/03 23:58:19.848 [I] [asm_amd64.s:2337] http server Running on http://:8080
2018/04/03 23:58:24.325 [C] [asm_amd64.s:509] the request url is  /console/post/6/edit
2018/04/03 23:58:24.325 [C] [asm_amd64.s:509] Handler crashed with error can't find templatefile in the path:views/postcontroller/edit.tpl
2018/04/03 23:58:24.325 [C] [asm_amd64.s:509] /usr/local/Cellar/go/1.9/libexec/src/runtime/asm_amd64.s:509
2018/04/03 23:58:24.325 [C] [asm_amd64.s:509] /usr/local/Cellar/go/1.9/libexec/src/runtime/panic.go:491
2018/04/03 23:58:24.325 [C] [asm_amd64.s:509] /Users/zhu/go/src/github.com/astaxie/beego/template.go:73
2018/04/03 23:58:24.326 [C] [asm_amd64.s:509] /Users/zhu/go/src/github.com/astaxie/beego/controller.go:263
2018/04/03 23:58:24.326 [C] [asm_amd64.s:509] /Users/zhu/go/src/github.com/astaxie/beego/controller.go:214
2018/04/03 23:58:24.326 [C] [asm_amd64.s:509] /Users/zhu/go/src/github.com/astaxie/beego/controller.go:194
2018/04/03 23:58:24.326 [C] [asm_amd64.s:509] /Users/zhu/go/src/github.com/astaxie/beego/router.go:859
2018/04/03 23:58:24.326 [C] [asm_amd64.s:509] /usr/local/Cellar/go/1.9/libexec/src/net/http/server.go:2619
2018/04/03 23:58:24.326 [C] [asm_amd64.s:509] /usr/local/Cellar/go/1.9/libexec/src/net/http/server.go:1801
2018/04/03 23:58:24.326 [C] [asm_amd64.s:509] /usr/local/Cellar/go/1.9/libexec/src/runtime/asm_amd64.s:2337
